21 10 2023 03:30:07.818:INFO [karma-server]: Karma v6.4.2 server started at http://localhost:9876/
21 10 2023 03:30:07.819:INFO [launcher]: Launching browsers ChromeHeadless with concurrency unlimited
21 10 2023 03:30:07.822:INFO [launcher]: Starting browser ChromeHeadless
21 10 2023 03:30:08.091:INFO [Chrome Headless 118.0.5993.88 (Mac OS 10.15.7)]: Connected on socket eeyiDSUO3iPEO2KRAAAB with id 62563653
Chrome Headless 118.0.5993.88 (Mac OS 10.15.7): Executed 0 of 48[32m SUCCESS[39m (0 secs / 0 secs)
[1A[2KERROR: [36m'NG0304: 'app-box' is not a known element (used in the 'HomeComponent' component template):
1. If 'app-box' is an Angular component, then verify that it is a part of an @NgModule where this component is declared.
2. If 'app-box' is a Web Component then add 'CUSTOM_ELEMENTS_SCHEMA' to the '@NgModule.schemas' of this component to suppress this message.'[39m
Chrome Headless 118.0.5993.88 (Mac OS 10.15.7): Executed 0 of 48[32m SUCCESS[39m (0 secs / 0 secs)
ERROR: 'NG0304: 'app-box' is not a known element (used in the 'HomeComponent' component template):
1. If 'app-box' is an Angular component, then verify that it is a part of an @NgModule where this component is declared.
2. If 'app-box' is a Web Component then add 'CUSTOM_ELEMENTS_SCHEMA' to the '@NgModule.schemas' of this component to suppress this message.'
[1A[2KERROR: [36m'NG0304: 'app-job-card' is not a known element (used in the 'HomeComponent' component template):
1. If 'app-job-card' is an Angular component, then verify that it is a part of an @NgModule where this component is declared.
2. If 'app-job-card' is a Web Component then add 'CUSTOM_ELEMENTS_SCHEMA' to the '@NgModule.schemas' of this component to suppress this message.'[39m
Chrome Headless 118.0.5993.88 (Mac OS 10.15.7): Executed 0 of 48[32m SUCCESS[39m (0 secs / 0 secs)
ERROR: 'NG0304: 'app-job-card' is not a known element (used in the 'HomeComponent' component template):
1. If 'app-job-card' is an Angular component, then verify that it is a part of an @NgModule where this component is declared.
2. If 'app-job-card' is a Web Component then add 'CUSTOM_ELEMENTS_SCHEMA' to the '@NgModule.schemas' of this component to suppress this message.'
[1A[2KERROR: [36m'NG0304: 'app-job-card' is not a known element (used in the 'HomeComponent' component template):
1. If 'app-job-card' is an Angular component, then verify that it is a part of an @NgModule where this component is declared.
2. If 'app-job-card' is a Web Component then add 'CUSTOM_ELEMENTS_SCHEMA' to the '@NgModule.schemas' of this component to suppress this message.'[39m
Chrome Headless 118.0.5993.88 (Mac OS 10.15.7): Executed 0 of 48[32m SUCCESS[39m (0 secs / 0 secs)
ERROR: 'NG0304: 'app-job-card' is not a known element (used in the 'HomeComponent' component template):
1. If 'app-job-card' is an Angular component, then verify that it is a part of an @NgModule where this component is declared.
2. If 'app-job-card' is a Web Component then add 'CUSTOM_ELEMENTS_SCHEMA' to the '@NgModule.schemas' of this component to suppress this message.'
[1A[2KERROR: [36m'NG0304: 'app-job-card' is not a known element (used in the 'HomeComponent' component template):
1. If 'app-job-card' is an Angular component, then verify that it is a part of an @NgModule where this component is declared.
2. If 'app-job-card' is a Web Component then add 'CUSTOM_ELEMENTS_SCHEMA' to the '@NgModule.schemas' of this component to suppress this message.'[39m
Chrome Headless 118.0.5993.88 (Mac OS 10.15.7): Executed 0 of 48[32m SUCCESS[39m (0 secs / 0 secs)
ERROR: 'NG0304: 'app-job-card' is not a known element (used in the 'HomeComponent' component template):
1. If 'app-job-card' is an Angular component, then verify that it is a part of an @NgModule where this component is declared.
2. If 'app-job-card' is a Web Component then add 'CUSTOM_ELEMENTS_SCHEMA' to the '@NgModule.schemas' of this component to suppress this message.'
[1A[2KERROR: [36m'NG0303: Can't bind to 'boxNumber' since it isn't a known property of 'app-box' (used in the 'HomeComponent' component template).
1. If 'app-box' is an Angular component and it has the 'boxNumber' input, then verify that it is a part of an @NgModule where this component is declared.
2. If 'app-box' is a Web Component then add 'CUSTOM_ELEMENTS_SCHEMA' to the '@NgModule.schemas' of this component to suppress this message.
3. To allow any property add 'NO_ERRORS_SCHEMA' to the '@NgModule.schemas' of this component.'[39m
Chrome Headless 118.0.5993.88 (Mac OS 10.15.7): Executed 0 of 48[32m SUCCESS[39m (0 secs / 0 secs)
ERROR: 'NG0303: Can't bind to 'boxNumber' since it isn't a known property of 'app-box' (used in the 'HomeComponent' component template).
1. If 'app-box' is an Angular component and it has the 'boxNumber' input, then verify that it is a part of an @NgModule where this component is declared.
2. If 'app-box' is a Web Component then add 'CUSTOM_ELEMENTS_SCHEMA' to the '@NgModule.schemas' of this component to suppress this message.
3. To allow any property add 'NO_ERRORS_SCHEMA' to the '@NgModule.schemas' of this component.'
[1A[2KERROR: [36m'NG0303: Can't bind to 'step' since it isn't a known property of 'app-box' (used in the 'HomeComponent' component template).
1. If 'app-box' is an Angular component and it has the 'step' input, then verify that it is a part of an @NgModule where this component is declared.
2. If 'app-box' is a Web Component then add 'CUSTOM_ELEMENTS_SCHEMA' to the '@NgModule.schemas' of this component to suppress this message.
3. To allow any property add 'NO_ERRORS_SCHEMA' to the '@NgModule.schemas' of this component.'[39m
Chrome Headless 118.0.5993.88 (Mac OS 10.15.7): Executed 0 of 48[32m SUCCESS[39m (0 secs / 0 secs)
ERROR: 'NG0303: Can't bind to 'step' since it isn't a known property of 'app-box' (used in the 'HomeComponent' component template).
1. If 'app-box' is an Angular component and it has the 'step' input, then verify that it is a part of an @NgModule where this component is declared.
2. If 'app-box' is a Web Component then add 'CUSTOM_ELEMENTS_SCHEMA' to the '@NgModule.schemas' of this component to suppress this message.
3. To allow any property add 'NO_ERRORS_SCHEMA' to the '@NgModule.schemas' of this component.'
[1A[2KERROR: [36m'NG0303: Can't bind to 'text' since it isn't a known property of 'app-job-card' (used in the 'HomeComponent' component template).
1. If 'app-job-card' is an Angular component and it has the 'text' input, then verify that it is a part of an @NgModule where this component is declared.
2. If 'app-job-card' is a Web Component then add 'CUSTOM_ELEMENTS_SCHEMA' to the '@NgModule.schemas' of this component to suppress this message.
3. To allow any property add 'NO_ERRORS_SCHEMA' to the '@NgModule.schemas' of this component.'[39m
Chrome Headless 118.0.5993.88 (Mac OS 10.15.7): Executed 0 of 48[32m SUCCESS[39m (0 secs / 0 secs)
ERROR: 'NG0303: Can't bind to 'text' since it isn't a known property of 'app-job-card' (used in the 'HomeComponent' component template).
1. If 'app-job-card' is an Angular component and it has the 'text' input, then verify that it is a part of an @NgModule where this component is declared.
2. If 'app-job-card' is a Web Component then add 'CUSTOM_ELEMENTS_SCHEMA' to the '@NgModule.schemas' of this component to suppress this message.
3. To allow any property add 'NO_ERRORS_SCHEMA' to the '@NgModule.schemas' of this component.'
[1A[2KERROR: [36m'NG0303: Can't bind to 'option' since it isn't a known property of 'app-job-card' (used in the 'HomeComponent' component template).
1. If 'app-job-card' is an Angular component and it has the 'option' input, then verify that it is a part of an @NgModule where this component is declared.
2. If 'app-job-card' is a Web Component then add 'CUSTOM_ELEMENTS_SCHEMA' to the '@NgModule.schemas' of this component to suppress this message.
3. To allow any property add 'NO_ERRORS_SCHEMA' to the '@NgModule.schemas' of this component.'[39m
Chrome Headless 118.0.5993.88 (Mac OS 10.15.7): Executed 0 of 48[32m SUCCESS[39m (0 secs / 0 secs)
ERROR: 'NG0303: Can't bind to 'option' since it isn't a known property of 'app-job-card' (used in the 'HomeComponent' component template).
1. If 'app-job-card' is an Angular component and it has the 'option' input, then verify that it is a part of an @NgModule where this component is declared.
2. If 'app-job-card' is a Web Component then add 'CUSTOM_ELEMENTS_SCHEMA' to the '@NgModule.schemas' of this component to suppress this message.
3. To allow any property add 'NO_ERRORS_SCHEMA' to the '@NgModule.schemas' of this component.'
[1A[2KERROR: [36m'NG0303: Can't bind to 'text' since it isn't a known property of 'app-job-card' (used in the 'HomeComponent' component template).
1. If 'app-job-card' is an Angular component and it has the 'text' input, then verify that it is a part of an @NgModule where this component is declared.
2. If 'app-job-card' is a Web Component then add 'CUSTOM_ELEMENTS_SCHEMA' to the '@NgModule.schemas' of this component to suppress this message.
3. To allow any property add 'NO_ERRORS_SCHEMA' to the '@NgModule.schemas' of this component.'[39m
Chrome Headless 118.0.5993.88 (Mac OS 10.15.7): Executed 0 of 48[32m SUCCESS[39m (0 secs / 0 secs)
ERROR: 'NG0303: Can't bind to 'text' since it isn't a known property of 'app-job-card' (used in the 'HomeComponent' component template).
1. If 'app-job-card' is an Angular component and it has the 'text' input, then verify that it is a part of an @NgModule where this component is declared.
2. If 'app-job-card' is a Web Component then add 'CUSTOM_ELEMENTS_SCHEMA' to the '@NgModule.schemas' of this component to suppress this message.
3. To allow any property add 'NO_ERRORS_SCHEMA' to the '@NgModule.schemas' of this component.'
[1A[2KERROR: [36m'NG0303: Can't bind to 'option' since it isn't a known property of 'app-job-card' (used in the 'HomeComponent' component template).
1. If 'app-job-card' is an Angular component and it has the 'option' input, then verify that it is a part of an @NgModule where this component is declared.
2. If 'app-job-card' is a Web Component then add 'CUSTOM_ELEMENTS_SCHEMA' to the '@NgModule.schemas' of this component to suppress this message.
3. To allow any property add 'NO_ERRORS_SCHEMA' to the '@NgModule.schemas' of this component.'[39m
Chrome Headless 118.0.5993.88 (Mac OS 10.15.7): Executed 0 of 48[32m SUCCESS[39m (0 secs / 0 secs)
ERROR: 'NG0303: Can't bind to 'option' since it isn't a known property of 'app-job-card' (used in the 'HomeComponent' component template).
1. If 'app-job-card' is an Angular component and it has the 'option' input, then verify that it is a part of an @NgModule where this component is declared.
2. If 'app-job-card' is a Web Component then add 'CUSTOM_ELEMENTS_SCHEMA' to the '@NgModule.schemas' of this component to suppress this message.
3. To allow any property add 'NO_ERRORS_SCHEMA' to the '@NgModule.schemas' of this component.'
[1A[2KERROR: [36m'NG0303: Can't bind to 'text' since it isn't a known property of 'app-job-card' (used in the 'HomeComponent' component template).
1. If 'app-job-card' is an Angular component and it has the 'text' input, then verify that it is a part of an @NgModule where this component is declared.
2. If 'app-job-card' is a Web Component then add 'CUSTOM_ELEMENTS_SCHEMA' to the '@NgModule.schemas' of this component to suppress this message.
3. To allow any property add 'NO_ERRORS_SCHEMA' to the '@NgModule.schemas' of this component.'[39m
Chrome Headless 118.0.5993.88 (Mac OS 10.15.7): Executed 0 of 48[32m SUCCESS[39m (0 secs / 0 secs)
ERROR: 'NG0303: Can't bind to 'text' since it isn't a known property of 'app-job-card' (used in the 'HomeComponent' component template).
1. If 'app-job-card' is an Angular component and it has the 'text' input, then verify that it is a part of an @NgModule where this component is declared.
2. If 'app-job-card' is a Web Component then add 'CUSTOM_ELEMENTS_SCHEMA' to the '@NgModule.schemas' of this component to suppress this message.
3. To allow any property add 'NO_ERRORS_SCHEMA' to the '@NgModule.schemas' of this component.'
[1A[2KERROR: [36m'NG0303: Can't bind to 'option' since it isn't a known property of 'app-job-card' (used in the 'HomeComponent' component template).
1. If 'app-job-card' is an Angular component and it has the 'option' input, then verify that it is a part of an @NgModule where this component is declared.
2. If 'app-job-card' is a Web Component then add 'CUSTOM_ELEMENTS_SCHEMA' to the '@NgModule.schemas' of this component to suppress this message.
3. To allow any property add 'NO_ERRORS_SCHEMA' to the '@NgModule.schemas' of this component.'[39m
Chrome Headless 118.0.5993.88 (Mac OS 10.15.7): Executed 0 of 48[32m SUCCESS[39m (0 secs / 0 secs)
ERROR: 'NG0303: Can't bind to 'option' since it isn't a known property of 'app-job-card' (used in the 'HomeComponent' component template).
1. If 'app-job-card' is an Angular component and it has the 'option' input, then verify that it is a part of an @NgModule where this component is declared.
2. If 'app-job-card' is a Web Component then add 'CUSTOM_ELEMENTS_SCHEMA' to the '@NgModule.schemas' of this component to suppress this message.
3. To allow any property add 'NO_ERRORS_SCHEMA' to the '@NgModule.schemas' of this component.'
[1A[2K[31mChrome Headless 118.0.5993.88 (Mac OS 10.15.7) CreateEnterpriseWebComponent should create FAILED[39m
	Failed: R3InjectorError(DynamicTestModule)[TranslateService -> TranslateService]: 
	  NullInjectorError: No provider for TranslateService!
	error properties: Object({ ngTempTokenPath: null, ngTokenPath: [ 'TranslateService', 'TranslateService' ] })
	    at NullInjector.get (node_modules/@angular/core/fesm2022/core.mjs:8873:27)
	    at R3Injector.get (node_modules/@angular/core/fesm2022/core.mjs:9312:33)
	    at R3Injector.get (node_modules/@angular/core/fesm2022/core.mjs:9312:33)
	    at ChainedInjector.get (node_modules/@angular/core/fesm2022/core.mjs:14001:36)
	    at lookupTokenUsingModuleInjector (node_modules/@angular/core/fesm2022/core.mjs:4504:39)
	    at getOrCreateInjectable (node_modules/@angular/core/fesm2022/core.mjs:4552:12)
	    at ÉµÉµdirectiveInject (node_modules/@angular/core/fesm2022/core.mjs:11784:19)
	    at NodeInjectorFactory.factory (ng:///CreateEnterpriseWebComponent/Éµfac.js:5:7)
	    at getNodeInjectable (node_modules/@angular/core/fesm2022/core.mjs:4758:44)
	    at createRootComponent (node_modules/@angular/core/fesm2022/core.mjs:14256:35)
Chrome Headless 118.0.5993.88 (Mac OS 10.15.7): Executed 1 of 48[31m (1 FAILED)[39m (0 secs / 0.031 secs)
[1A[2KChrome Headless 118.0.5993.88 (Mac OS 10.15.7): Executed 2 of 48[31m (1 FAILED)[39m (0 secs / 0.039 secs)
[1A[2K[31mChrome Headless 118.0.5993.88 (Mac OS 10.15.7) CreateAccountComponent should create FAILED[39m
	Failed: R3InjectorError(DynamicTestModule)[TranslateService -> TranslateService]: 
	  NullInjectorError: No provider for TranslateService!
	error properties: Object({ ngTempTokenPath: null, ngTokenPath: [ 'TranslateService', 'TranslateService' ] })
	    at NullInjector.get (node_modules/@angular/core/fesm2022/core.mjs:8873:27)
	    at R3Injector.get (node_modules/@angular/core/fesm2022/core.mjs:9312:33)
	    at R3Injector.get (node_modules/@angular/core/fesm2022/core.mjs:9312:33)
	    at ChainedInjector.get (node_modules/@angular/core/fesm2022/core.mjs:14001:36)
	    at lookupTokenUsingModuleInjector (node_modules/@angular/core/fesm2022/core.mjs:4504:39)
	    at getOrCreateInjectable (node_modules/@angular/core/fesm2022/core.mjs:4552:12)
	    at ÉµÉµdirectiveInject (node_modules/@angular/core/fesm2022/core.mjs:11784:19)
	    at NodeInjectorFactory.factory (ng:///CreateAccountComponent/Éµfac.js:5:7)
	    at getNodeInjectable (node_modules/@angular/core/fesm2022/core.mjs:4758:44)
	    at createRootComponent (node_modules/@angular/core/fesm2022/core.mjs:14256:35)
Chrome Headless 118.0.5993.88 (Mac OS 10.15.7): Executed 3 of 48[31m (2 FAILED)[39m (0 secs / 0.047 secs)
[1A[2K[31mChrome Headless 118.0.5993.88 (Mac OS 10.15.7) ForgotPasswordComponent should create FAILED[39m
	Failed: R3InjectorError(DynamicTestModule)[TranslateService -> TranslateService]: 
	  NullInjectorError: No provider for TranslateService!
	error properties: Object({ ngTempTokenPath: null, ngTokenPath: [ 'TranslateService', 'TranslateService' ] })
	    at NullInjector.get (node_modules/@angular/core/fesm2022/core.mjs:8873:27)
	    at R3Injector.get (node_modules/@angular/core/fesm2022/core.mjs:9312:33)
	    at R3Injector.get (node_modules/@angular/core/fesm2022/core.mjs:9312:33)
	    at ChainedInjector.get (node_modules/@angular/core/fesm2022/core.mjs:14001:36)
	    at lookupTokenUsingModuleInjector (node_modules/@angular/core/fesm2022/core.mjs:4504:39)
	    at getOrCreateInjectable (node_modules/@angular/core/fesm2022/core.mjs:4552:12)
	    at ÉµÉµdirectiveInject (node_modules/@angular/core/fesm2022/core.mjs:11784:19)
	    at NodeInjectorFactory.factory (ng:///ForgotPasswordComponent/Éµfac.js:4:51)
	    at getNodeInjectable (node_modules/@angular/core/fesm2022/core.mjs:4758:44)
	    at createRootComponent (node_modules/@angular/core/fesm2022/core.mjs:14256:35)
Chrome Headless 118.0.5993.88 (Mac OS 10.15.7): Executed 4 of 48[31m (3 FAILED)[39m (0 secs / 0.051 secs)
[1A[2K[31mChrome Headless 118.0.5993.88 (Mac OS 10.15.7) VerifyAccountComponent should create FAILED[39m
	Failed: R3InjectorError(DynamicTestModule)[TranslateService -> TranslateService]: 
	  NullInjectorError: No provider for TranslateService!
	error properties: Object({ ngTempTokenPath: null, ngTokenPath: [ 'TranslateService', 'TranslateService' ] })
	    at NullInjector.get (node_modules/@angular/core/fesm2022/core.mjs:8873:27)
	    at R3Injector.get (node_modules/@angular/core/fesm2022/core.mjs:9312:33)
	    at R3Injector.get (node_modules/@angular/core/fesm2022/core.mjs:9312:33)
	    at ChainedInjector.get (node_modules/@angular/core/fesm2022/core.mjs:14001:36)
	    at lookupTokenUsingModuleInjector (node_modules/@angular/core/fesm2022/core.mjs:4504:39)
	    at getOrCreateInjectable (node_modules/@angular/core/fesm2022/core.mjs:4552:12)
	    at ÉµÉµdirectiveInject (node_modules/@angular/core/fesm2022/core.mjs:11784:19)
	    at NodeInjectorFactory.factory (ng:///VerifyAccountComponent/Éµfac.js:5:7)
	    at getNodeInjectable (node_modules/@angular/core/fesm2022/core.mjs:4758:44)
	    at createRootComponent (node_modules/@angular/core/fesm2022/core.mjs:14256:35)
Chrome Headless 118.0.5993.88 (Mac OS 10.15.7): Executed 5 of 48[31m (4 FAILED)[39m (0 secs / 0.074 secs)
[1A[2K[31mChrome Headless 118.0.5993.88 (Mac OS 10.15.7) FloorMenuComponent should create FAILED[39m
	Failed: NG0302: The pipe 'translate' could not be found in the 'FloorMenuComponent' component. Verify that it is declared or imported in this module. Find more at https://angular.io/errors/NG0302
	error properties: Object({ code: -302 })
	    at getPipeDef (node_modules/@angular/core/fesm2022/core.mjs:23643:15)
	    at ÉµÉµpipe (node_modules/@angular/core/fesm2022/core.mjs:23584:19)
	    at templateFn (ng:///FloorMenuComponent.js:18:9)
	    at executeTemplate (node_modules/@angular/core/fesm2022/core.mjs:11986:13)
	    at renderView (node_modules/@angular/core/fesm2022/core.mjs:13184:13)
	    at renderComponent (node_modules/@angular/core/fesm2022/core.mjs:13131:5)
	    at renderChildComponents (node_modules/@angular/core/fesm2022/core.mjs:13229:9)
	    at renderView (node_modules/@angular/core/fesm2022/core.mjs:13209:13)
	    at ComponentFactory.create (node_modules/@angular/core/fesm2022/core.mjs:14121:13)
	    at initComponent (node_modules/@angular/core/fesm2022/testing.mjs:27475:51)
Chrome Headless 118.0.5993.88 (Mac OS 10.15.7): Executed 6 of 48[31m (5 FAILED)[39m (0 secs / 0.08 secs)
[1A[2K[31mChrome Headless 118.0.5993.88 (Mac OS 10.15.7) JobCardComponent should create FAILED[39m
	Failed: R3InjectorError(DynamicTestModule)[RouterModule -> RouterModule]: 
	  NullInjectorError: No provider for RouterModule!
	error properties: Object({ ngTempTokenPath: null, ngTokenPath: [ 'RouterModule', 'RouterModule' ] })
	    at NullInjector.get (node_modules/@angular/core/fesm2022/core.mjs:8873:27)
	    at R3Injector.get (node_modules/@angular/core/fesm2022/core.mjs:9312:33)
	    at R3Injector.get (node_modules/@angular/core/fesm2022/core.mjs:9312:33)
	    at ChainedInjector.get (node_modules/@angular/core/fesm2022/core.mjs:14001:36)
	    at lookupTokenUsingModuleInjector (node_modules/@angular/core/fesm2022/core.mjs:4504:39)
	    at getOrCreateInjectable (node_modules/@angular/core/fesm2022/core.mjs:4552:12)
	    at ÉµÉµdirectiveInject (node_modules/@angular/core/fesm2022/core.mjs:11784:19)
	    at NodeInjectorFactory.factory (ng:///JobCardComponent/Éµfac.js:4:44)
	    at getNodeInjectable (node_modules/@angular/core/fesm2022/core.mjs:4758:44)
	    at createRootComponent (node_modules/@angular/core/fesm2022/core.mjs:14256:35)
Chrome Headless 118.0.5993.88 (Mac OS 10.15.7): Executed 7 of 48[31m (6 FAILED)[39m (0 secs / 0.086 secs)
[1A[2K[31mChrome Headless 118.0.5993.88 (Mac OS 10.15.7) ModalDataComponent should create FAILED[39m
	Failed: NG0302: The pipe 'translate' could not be found in the 'ModalDataComponent' component. Verify that it is declared or imported in this module. Find more at https://angular.io/errors/NG0302
	error properties: Object({ code: -302 })
	    at getPipeDef (node_modules/@angular/core/fesm2022/core.mjs:23643:15)
	    at ÉµÉµpipe (node_modules/@angular/core/fesm2022/core.mjs:23584:19)
	    at templateFn (ng:///ModalDataComponent.js:489:9)
	    at executeTemplate (node_modules/@angular/core/fesm2022/core.mjs:11986:13)
	    at renderView (node_modules/@angular/core/fesm2022/core.mjs:13184:13)
	    at renderComponent (node_modules/@angular/core/fesm2022/core.mjs:13131:5)
	    at renderChildComponents (node_modules/@angular/core/fesm2022/core.mjs:13229:9)
	    at renderView (node_modules/@angular/core/fesm2022/core.mjs:13209:13)
	    at ComponentFactory.create (node_modules/@angular/core/fesm2022/core.mjs:14121:13)
	    at initComponent (node_modules/@angular/core/fesm2022/testing.mjs:27475:51)
Chrome Headless 118.0.5993.88 (Mac OS 10.15.7): Executed 8 of 48[31m (7 FAILED)[39m (0 secs / 0.099 secs)
[1A[2K[31mChrome Headless 118.0.5993.88 (Mac OS 10.15.7) CreateAccountWebComponent should create FAILED[39m
	Failed: R3InjectorError(DynamicTestModule)[TranslateService -> TranslateService]: 
	  NullInjectorError: No provider for TranslateService!
	error properties: Object({ ngTempTokenPath: null, ngTokenPath: [ 'TranslateService', 'TranslateService' ] })
	    at NullInjector.get (node_modules/@angular/core/fesm2022/core.mjs:8873:27)
	    at R3Injector.get (node_modules/@angular/core/fesm2022/core.mjs:9312:33)
	    at R3Injector.get (node_modules/@angular/core/fesm2022/core.mjs:9312:33)
	    at ChainedInjector.get (node_modules/@angular/core/fesm2022/core.mjs:14001:36)
	    at lookupTokenUsingModuleInjector (node_modules/@angular/core/fesm2022/core.mjs:4504:39)
	    at getOrCreateInjectable (node_modules/@angular/core/fesm2022/core.mjs:4552:12)
	    at ÉµÉµdirectiveInject (node_modules/@angular/core/fesm2022/core.mjs:11784:19)
	    at NodeInjectorFactory.factory (ng:///CreateAccountWebComponent/Éµfac.js:5:7)
	    at getNodeInjectable (node_modules/@angular/core/fesm2022/core.mjs:4758:44)
	    at createRootComponent (node_modules/@angular/core/fesm2022/core.mjs:14256:35)
Chrome Headless 118.0.5993.88 (Mac OS 10.15.7): Executed 9 of 48[31m (8 FAILED)[39m (0 secs / 0.104 secs)
[1A[2KChrome Headless 118.0.5993.88 (Mac OS 10.15.7): Executed 10 of 48[31m (8 FAILED)[39m (0 secs / 0.138 secs)
[1A[2K[31mChrome Headless 118.0.5993.88 (Mac OS 10.15.7) SuccessCreationComponent should create FAILED[39m
	Failed: NG0302: The pipe 'translate' could not be found in the 'SuccessCreationComponent' component. Verify that it is declared or imported in this module. Find more at https://angular.io/errors/NG0302
	error properties: Object({ code: -302 })
	    at getPipeDef (node_modules/@angular/core/fesm2022/core.mjs:23643:15)
	    at ÉµÉµpipe (node_modules/@angular/core/fesm2022/core.mjs:23584:19)
	    at templateFn (ng:///SuccessCreationComponent.js:71:9)
	    at executeTemplate (node_modules/@angular/core/fesm2022/core.mjs:11986:13)
	    at renderView (node_modules/@angular/core/fesm2022/core.mjs:13184:13)
	    at renderComponent (node_modules/@angular/core/fesm2022/core.mjs:13131:5)
	    at renderChildComponents (node_modules/@angular/core/fesm2022/core.mjs:13229:9)
	    at renderView (node_modules/@angular/core/fesm2022/core.mjs:13209:13)
	    at ComponentFactory.create (node_modules/@angular/core/fesm2022/core.mjs:14121:13)
	    at initComponent (node_modules/@angular/core/fesm2022/testing.mjs:27475:51)
Chrome Headless 118.0.5993.88 (Mac OS 10.15.7): Executed 11 of 48[31m (9 FAILED)[39m (0 secs / 0.143 secs)
[1A[2K[31mChrome Headless 118.0.5993.88 (Mac OS 10.15.7) ForgotPasswordWebComponent should create FAILED[39m
	Failed: R3InjectorError(DynamicTestModule)[TranslateService -> TranslateService]: 
	  NullInjectorError: No provider for TranslateService!
	error properties: Object({ ngTempTokenPath: null, ngTokenPath: [ 'TranslateService', 'TranslateService' ] })
	    at NullInjector.get (node_modules/@angular/core/fesm2022/core.mjs:8873:27)
	    at R3Injector.get (node_modules/@angular/core/fesm2022/core.mjs:9312:33)
	    at R3Injector.get (node_modules/@angular/core/fesm2022/core.mjs:9312:33)
	    at ChainedInjector.get (node_modules/@angular/core/fesm2022/core.mjs:14001:36)
	    at lookupTokenUsingModuleInjector (node_modules/@angular/core/fesm2022/core.mjs:4504:39)
	    at getOrCreateInjectable (node_modules/@angular/core/fesm2022/core.mjs:4552:12)
	    at ÉµÉµdirectiveInject (node_modules/@angular/core/fesm2022/core.mjs:11784:19)
	    at NodeInjectorFactory.factory (ng:///ForgotPasswordWebComponent/Éµfac.js:5:7)
	    at getNodeInjectable (node_modules/@angular/core/fesm2022/core.mjs:4758:44)
	    at createRootComponent (node_modules/@angular/core/fesm2022/core.mjs:14256:35)
Chrome Headless 118.0.5993.88 (Mac OS 10.15.7): Executed 12 of 48[31m (10 FAILED)[39m (0 secs / 0.146 secs)
[1A[2KChrome Headless 118.0.5993.88 (Mac OS 10.15.7): Executed 13 of 48[31m (10 FAILED)[39m (0 secs / 0.149 secs)
[1A[2KChrome Headless 118.0.5993.88 (Mac OS 10.15.7): Executed 14 of 48[31m (10 FAILED)[39m (0 secs / 0.151 secs)
[1A[2KChrome Headless 118.0.5993.88 (Mac OS 10.15.7): Executed 15 of 48[31m (10 FAILED)[39m (0 secs / 0.154 secs)
[1A[2KChrome Headless 118.0.5993.88 (Mac OS 10.15.7): Executed 16 of 48[31m (10 FAILED)[39m (0 secs / 0.155 secs)
[1A[2KChrome Headless 118.0.5993.88 (Mac OS 10.15.7): Executed 17 of 48[31m (10 FAILED)[39m (0 secs / 0.192 secs)
[1A[2K[31mChrome Headless 118.0.5993.88 (Mac OS 10.15.7) ApplicantsComponent should create FAILED[39m
	Failed: R3InjectorError(DynamicTestModule)[TranslateService -> TranslateService]: 
	  NullInjectorError: No provider for TranslateService!
	error properties: Object({ ngTempTokenPath: null, ngTokenPath: [ 'TranslateService', 'TranslateService' ] })
	    at NullInjector.get (node_modules/@angular/core/fesm2022/core.mjs:8873:27)
	    at R3Injector.get (node_modules/@angular/core/fesm2022/core.mjs:9312:33)
	    at R3Injector.get (node_modules/@angular/core/fesm2022/core.mjs:9312:33)
	    at ChainedInjector.get (node_modules/@angular/core/fesm2022/core.mjs:14001:36)
	    at lookupTokenUsingModuleInjector (node_modules/@angular/core/fesm2022/core.mjs:4504:39)
	    at getOrCreateInjectable (node_modules/@angular/core/fesm2022/core.mjs:4552:12)
	    at ÉµÉµdirectiveInject (node_modules/@angular/core/fesm2022/core.mjs:11784:19)
	    at NodeInjectorFactory.factory (ng:///ApplicantsComponent/Éµfac.js:5:45)
	    at getNodeInjectable (node_modules/@angular/core/fesm2022/core.mjs:4758:44)
	    at createRootComponent (node_modules/@angular/core/fesm2022/core.mjs:14256:35)
Chrome Headless 118.0.5993.88 (Mac OS 10.15.7): Executed 18 of 48[31m (11 FAILED)[39m (0 secs / 0.196 secs)
[1A[2K[31mChrome Headless 118.0.5993.88 (Mac OS 10.15.7) CreateEnterpriseComponent should create FAILED[39m
	Failed: R3InjectorError(DynamicTestModule)[TranslateService -> TranslateService]: 
	  NullInjectorError: No provider for TranslateService!
	error properties: Object({ ngTempTokenPath: null, ngTokenPath: [ 'TranslateService', 'TranslateService' ] })
	    at NullInjector.get (node_modules/@angular/core/fesm2022/core.mjs:8873:27)
	    at R3Injector.get (node_modules/@angular/core/fesm2022/core.mjs:9312:33)
	    at R3Injector.get (node_modules/@angular/core/fesm2022/core.mjs:9312:33)
	    at ChainedInjector.get (node_modules/@angular/core/fesm2022/core.mjs:14001:36)
	    at lookupTokenUsingModuleInjector (node_modules/@angular/core/fesm2022/core.mjs:4504:39)
	    at getOrCreateInjectable (node_modules/@angular/core/fesm2022/core.mjs:4552:12)
	    at ÉµÉµdirectiveInject (node_modules/@angular/core/fesm2022/core.mjs:11784:19)
	    at NodeInjectorFactory.factory (ng:///CreateEnterpriseComponent/Éµfac.js:5:7)
	    at getNodeInjectable (node_modules/@angular/core/fesm2022/core.mjs:4758:44)
	    at createRootComponent (node_modules/@angular/core/fesm2022/core.mjs:14256:35)
Chrome Headless 118.0.5993.88 (Mac OS 10.15.7): Executed 19 of 48[31m (12 FAILED)[39m (0 secs / 0.201 secs)
[1A[2KChrome Headless 118.0.5993.88 (Mac OS 10.15.7): Executed 20 of 48[31m (12 FAILED)[39m (0 secs / 0.234 secs)
[1A[2K[31mChrome Headless 118.0.5993.88 (Mac OS 10.15.7) LoginComponent should create FAILED[39m
	Failed: R3InjectorError(DynamicTestModule)[TranslateService -> TranslateService]: 
	  NullInjectorError: No provider for TranslateService!
	error properties: Object({ ngTempTokenPath: null, ngTokenPath: [ 'TranslateService', 'TranslateService' ] })
	    at NullInjector.get (node_modules/@angular/core/fesm2022/core.mjs:8873:27)
	    at R3Injector.get (node_modules/@angular/core/fesm2022/core.mjs:9312:33)
	    at R3Injector.get (node_modules/@angular/core/fesm2022/core.mjs:9312:33)
	    at ChainedInjector.get (node_modules/@angular/core/fesm2022/core.mjs:14001:36)
	    at lookupTokenUsingModuleInjector (node_modules/@angular/core/fesm2022/core.mjs:4504:39)
	    at getOrCreateInjectable (node_modules/@angular/core/fesm2022/core.mjs:4552:12)
	    at ÉµÉµdirectiveInject (node_modules/@angular/core/fesm2022/core.mjs:11784:19)
	    at NodeInjectorFactory.factory (ng:///LoginComponent/Éµfac.js:4:80)
	    at getNodeInjectable (node_modules/@angular/core/fesm2022/core.mjs:4758:44)
	    at createRootComponent (node_modules/@angular/core/fesm2022/core.mjs:14256:35)
Chrome Headless 118.0.5993.88 (Mac OS 10.15.7): Executed 21 of 48[31m (13 FAILED)[39m (0 secs / 0.237 secs)
[1A[2KChrome Headless 118.0.5993.88 (Mac OS 10.15.7): Executed 22 of 48[31m (13 FAILED)[39m (0 secs / 0.283 secs)
[1A[2K[31mChrome Headless 118.0.5993.88 (Mac OS 10.15.7) AbilityComponent should create FAILED[39m
	Failed: NG0302: The pipe 'translate' could not be found in the 'AbilityComponent' component. Verify that it is declared or imported in this module. Find more at https://angular.io/errors/NG0302
	error properties: Object({ code: -302 })
	    at getPipeDef (node_modules/@angular/core/fesm2022/core.mjs:23643:15)
	    at ÉµÉµpipe (node_modules/@angular/core/fesm2022/core.mjs:23584:19)
	    at templateFn (ng:///AbilityComponent.js:65:9)
	    at executeTemplate (node_modules/@angular/core/fesm2022/core.mjs:11986:13)
	    at renderView (node_modules/@angular/core/fesm2022/core.mjs:13184:13)
	    at renderComponent (node_modules/@angular/core/fesm2022/core.mjs:13131:5)
	    at renderChildComponents (node_modules/@angular/core/fesm2022/core.mjs:13229:9)
	    at renderView (node_modules/@angular/core/fesm2022/core.mjs:13209:13)
	    at ComponentFactory.create (node_modules/@angular/core/fesm2022/core.mjs:14121:13)
	    at initComponent (node_modules/@angular/core/fesm2022/testing.mjs:27475:51)
Chrome Headless 118.0.5993.88 (Mac OS 10.15.7): Executed 23 of 48[31m (14 FAILED)[39m (0 secs / 0.291 secs)
[1A[2KChrome Headless 118.0.5993.88 (Mac OS 10.15.7): Executed 24 of 48[31m (14 FAILED)[39m (0 secs / 0.293 secs)
[1A[2K[31mChrome Headless 118.0.5993.88 (Mac OS 10.15.7) CreateProjectComponent should create FAILED[39m
	Failed: NG0301: Export of name 'ngModel' not found! Find more at https://angular.io/errors/NG0301
	error properties: Object({ code: -301 })
	    at cacheMatchingLocalNames (node_modules/@angular/core/fesm2022/core.mjs:12739:23)
	    at resolveDirectives (node_modules/@angular/core/fesm2022/core.mjs:12488:13)
	    at elementStartFirstCreatePass (node_modules/@angular/core/fesm2022/core.mjs:16260:5)
	    at ÉµÉµelementStart (node_modules/@angular/core/fesm2022/core.mjs:16296:9)
	    at templateFn (ng:///CreateProjectComponent.js:64:9)
	    at executeTemplate (node_modules/@angular/core/fesm2022/core.mjs:11986:13)
	    at renderView (node_modules/@angular/core/fesm2022/core.mjs:13184:13)
	    at renderComponent (node_modules/@angular/core/fesm2022/core.mjs:13131:5)
	    at renderChildComponents (node_modules/@angular/core/fesm2022/core.mjs:13229:9)
	    at renderView (node_modules/@angular/core/fesm2022/core.mjs:13209:13)
Chrome Headless 118.0.5993.88 (Mac OS 10.15.7): Executed 25 of 48[31m (15 FAILED)[39m (0 secs / 0.299 secs)
[1A[2K[31mChrome Headless 118.0.5993.88 (Mac OS 10.15.7) PerformanceComponent should create FAILED[39m
	Failed: NG0302: The pipe 'translate' could not be found in the 'PerformanceComponent' component. Verify that it is declared or imported in this module. Find more at https://angular.io/errors/NG0302
	error properties: Object({ code: -302 })
	    at getPipeDef (node_modules/@angular/core/fesm2022/core.mjs:23643:15)
	    at ÉµÉµpipe (node_modules/@angular/core/fesm2022/core.mjs:23584:19)
	    at templateFn (ng:///PerformanceComponent.js:63:9)
	    at executeTemplate (node_modules/@angular/core/fesm2022/core.mjs:11986:13)
	    at renderView (node_modules/@angular/core/fesm2022/core.mjs:13184:13)
	    at renderComponent (node_modules/@angular/core/fesm2022/core.mjs:13131:5)
	    at renderChildComponents (node_modules/@angular/core/fesm2022/core.mjs:13229:9)
	    at renderView (node_modules/@angular/core/fesm2022/core.mjs:13209:13)
	    at ComponentFactory.create (node_modules/@angular/core/fesm2022/core.mjs:14121:13)
	    at initComponent (node_modules/@angular/core/fesm2022/testing.mjs:27475:51)
Chrome Headless 118.0.5993.88 (Mac OS 10.15.7): Executed 26 of 48[31m (16 FAILED)[39m (0 secs / 0.304 secs)
[1A[2K[31mChrome Headless 118.0.5993.88 (Mac OS 10.15.7) InterviewWebComponent should create FAILED[39m
	Failed: R3InjectorError(DynamicTestModule)[TranslateService -> TranslateService]: 
	  NullInjectorError: No provider for TranslateService!
	error properties: Object({ ngTempTokenPath: null, ngTokenPath: [ 'TranslateService', 'TranslateService' ] })
	    at NullInjector.get (node_modules/@angular/core/fesm2022/core.mjs:8873:27)
	    at R3Injector.get (node_modules/@angular/core/fesm2022/core.mjs:9312:33)
	    at R3Injector.get (node_modules/@angular/core/fesm2022/core.mjs:9312:33)
	    at ChainedInjector.get (node_modules/@angular/core/fesm2022/core.mjs:14001:36)
	    at lookupTokenUsingModuleInjector (node_modules/@angular/core/fesm2022/core.mjs:4504:39)
	    at getOrCreateInjectable (node_modules/@angular/core/fesm2022/core.mjs:4552:12)
	    at ÉµÉµdirectiveInject (node_modules/@angular/core/fesm2022/core.mjs:11784:19)
	    at NodeInjectorFactory.factory (ng:///InterviewWebComponent/Éµfac.js:5:45)
	    at getNodeInjectable (node_modules/@angular/core/fesm2022/core.mjs:4758:44)
	    at createRootComponent (node_modules/@angular/core/fesm2022/core.mjs:14256:35)
Chrome Headless 118.0.5993.88 (Mac OS 10.15.7): Executed 27 of 48[31m (17 FAILED)[39m (0 secs / 0.309 secs)
[1A[2KChrome Headless 118.0.5993.88 (Mac OS 10.15.7): Executed 28 of 48[31m (17 FAILED)[39m (0 secs / 0.343 secs)
[1A[2K[31mChrome Headless 118.0.5993.88 (Mac OS 10.15.7) ProfileComponent should create FAILED[39m
	Failed: R3InjectorError(DynamicTestModule)[TranslateService -> TranslateService]: 
	  NullInjectorError: No provider for TranslateService!
	error properties: Object({ ngTempTokenPath: null, ngTokenPath: [ 'TranslateService', 'TranslateService' ] })
	    at NullInjector.get (node_modules/@angular/core/fesm2022/core.mjs:8873:27)
	    at R3Injector.get (node_modules/@angular/core/fesm2022/core.mjs:9312:33)
	    at R3Injector.get (node_modules/@angular/core/fesm2022/core.mjs:9312:33)
	    at ChainedInjector.get (node_modules/@angular/core/fesm2022/core.mjs:14001:36)
	    at lookupTokenUsingModuleInjector (node_modules/@angular/core/fesm2022/core.mjs:4504:39)
	    at getOrCreateInjectable (node_modules/@angular/core/fesm2022/core.mjs:4552:12)
	    at ÉµÉµdirectiveInject (node_modules/@angular/core/fesm2022/core.mjs:11784:19)
	    at NodeInjectorFactory.factory (ng:///ProfileComponent/Éµfac.js:5:7)
	    at getNodeInjectable (node_modules/@angular/core/fesm2022/core.mjs:4758:44)
	    at createRootComponent (node_modules/@angular/core/fesm2022/core.mjs:14256:35)
Chrome Headless 118.0.5993.88 (Mac OS 10.15.7): Executed 29 of 48[31m (18 FAILED)[39m (0 secs / 0.349 secs)
[1A[2K[31mChrome Headless 118.0.5993.88 (Mac OS 10.15.7) ProjectDetailComponent should create FAILED[39m
	Failed: R3InjectorError(DynamicTestModule)[TranslateService -> TranslateService]: 
	  NullInjectorError: No provider for TranslateService!
	error properties: Object({ ngTempTokenPath: null, ngTokenPath: [ 'TranslateService', 'TranslateService' ] })
	    at NullInjector.get (node_modules/@angular/core/fesm2022/core.mjs:8873:27)
	    at R3Injector.get (node_modules/@angular/core/fesm2022/core.mjs:9312:33)
	    at R3Injector.get (node_modules/@angular/core/fesm2022/core.mjs:9312:33)
	    at ChainedInjector.get (node_modules/@angular/core/fesm2022/core.mjs:14001:36)
	    at lookupTokenUsingModuleInjector (node_modules/@angular/core/fesm2022/core.mjs:4504:39)
	    at getOrCreateInjectable (node_modules/@angular/core/fesm2022/core.mjs:4552:12)
	    at ÉµÉµdirectiveInject (node_modules/@angular/core/fesm2022/core.mjs:11784:19)
	    at NodeInjectorFactory.factory (ng:///ProjectDetailComponent/Éµfac.js:5:45)
	    at getNodeInjectable (node_modules/@angular/core/fesm2022/core.mjs:4758:44)
	    at createRootComponent (node_modules/@angular/core/fesm2022/core.mjs:14256:35)
Chrome Headless 118.0.5993.88 (Mac OS 10.15.7): Executed 30 of 48[31m (19 FAILED)[39m (0 secs / 0.352 secs)
[1A[2K[31mChrome Headless 118.0.5993.88 (Mac OS 10.15.7) LoginWebComponent should create FAILED[39m
	Failed: R3InjectorError(DynamicTestModule)[TranslateService -> TranslateService]: 
	  NullInjectorError: No provider for TranslateService!
	error properties: Object({ ngTempTokenPath: null, ngTokenPath: [ 'TranslateService', 'TranslateService' ] })
	    at NullInjector.get (node_modules/@angular/core/fesm2022/core.mjs:8873:27)
	    at R3Injector.get (node_modules/@angular/core/fesm2022/core.mjs:9312:33)
	    at R3Injector.get (node_modules/@angular/core/fesm2022/core.mjs:9312:33)
	    at ChainedInjector.get (node_modules/@angular/core/fesm2022/core.mjs:14001:36)
	    at lookupTokenUsingModuleInjector (node_modules/@angular/core/fesm2022/core.mjs:4504:39)
	    at getOrCreateInjectable (node_modules/@angular/core/fesm2022/core.mjs:4552:12)
	    at ÉµÉµdirectiveInject (node_modules/@angular/core/fesm2022/core.mjs:11784:19)
	    at NodeInjectorFactory.factory (ng:///LoginWebComponent/Éµfac.js:5:7)
	    at getNodeInjectable (node_modules/@angular/core/fesm2022/core.mjs:4758:44)
	    at createRootComponent (node_modules/@angular/core/fesm2022/core.mjs:14256:35)
Chrome Headless 118.0.5993.88 (Mac OS 10.15.7): Executed 31 of 48[31m (20 FAILED)[39m (0 secs / 0.356 secs)
[1A[2KChrome Headless 118.0.5993.88 (Mac OS 10.15.7): Executed 32 of 48[31m (20 FAILED)[39m (0 secs / 0.378 secs)
[1A[2KChrome Headless 118.0.5993.88 (Mac OS 10.15.7): Executed 33 of 48[31m (20 FAILED)[39m (0 secs / 0.379 secs)
[1A[2KChrome Headless 118.0.5993.88 (Mac OS 10.15.7): Executed 34 of 48[31m (20 FAILED)[39m (0 secs / 0.379 secs)
[1A[2KChrome Headless 118.0.5993.88 (Mac OS 10.15.7): Executed 35 of 48[31m (20 FAILED)[39m (0 secs / 0.38 secs)
[1A[2KChrome Headless 118.0.5993.88 (Mac OS 10.15.7): Executed 36 of 48[31m (20 FAILED)[39m (0 secs / 0.381 secs)
[1A[2KChrome Headless 118.0.5993.88 (Mac OS 10.15.7): Executed 37 of 48[31m (20 FAILED)[39m (0 secs / 0.382 secs)
[1A[2KChrome Headless 118.0.5993.88 (Mac OS 10.15.7): Executed 38 of 48[31m (20 FAILED)[39m (0 secs / 0.383 secs)
[1A[2K[31mChrome Headless 118.0.5993.88 (Mac OS 10.15.7) PresentationWebComponent should create FAILED[39m
	Failed: R3InjectorError(DynamicTestModule)[TranslateService -> TranslateService]: 
	  NullInjectorError: No provider for TranslateService!
	error properties: Object({ ngTempTokenPath: null, ngTokenPath: [ 'TranslateService', 'TranslateService' ] })
	    at NullInjector.get (node_modules/@angular/core/fesm2022/core.mjs:8873:27)
	    at R3Injector.get (node_modules/@angular/core/fesm2022/core.mjs:9312:33)
	    at R3Injector.get (node_modules/@angular/core/fesm2022/core.mjs:9312:33)
	    at ChainedInjector.get (node_modules/@angular/core/fesm2022/core.mjs:14001:36)
	    at lookupTokenUsingModuleInjector (node_modules/@angular/core/fesm2022/core.mjs:4504:39)
	    at getOrCreateInjectable (node_modules/@angular/core/fesm2022/core.mjs:4552:12)
	    at ÉµÉµdirectiveInject (node_modules/@angular/core/fesm2022/core.mjs:11784:19)
	    at NodeInjectorFactory.factory (ng:///PresentationWebComponent/Éµfac.js:4:52)
	    at getNodeInjectable (node_modules/@angular/core/fesm2022/core.mjs:4758:44)
	    at createRootComponent (node_modules/@angular/core/fesm2022/core.mjs:14256:35)
Chrome Headless 118.0.5993.88 (Mac OS 10.15.7): Executed 39 of 48[31m (21 FAILED)[39m (0 secs / 0.4 secs)
[1A[2K[31mChrome Headless 118.0.5993.88 (Mac OS 10.15.7) TestDetailsComponent should create FAILED[39m
	Failed: R3InjectorError(DynamicTestModule)[TranslateService -> TranslateService]: 
	  NullInjectorError: No provider for TranslateService!
	error properties: Object({ ngTempTokenPath: null, ngTokenPath: [ 'TranslateService', 'TranslateService' ] })
	    at NullInjector.get (node_modules/@angular/core/fesm2022/core.mjs:8873:27)
	    at R3Injector.get (node_modules/@angular/core/fesm2022/core.mjs:9312:33)
	    at R3Injector.get (node_modules/@angular/core/fesm2022/core.mjs:9312:33)
	    at ChainedInjector.get (node_modules/@angular/core/fesm2022/core.mjs:14001:36)
	    at lookupTokenUsingModuleInjector (node_modules/@angular/core/fesm2022/core.mjs:4504:39)
	    at getOrCreateInjectable (node_modules/@angular/core/fesm2022/core.mjs:4552:12)
	    at ÉµÉµdirectiveInject (node_modules/@angular/core/fesm2022/core.mjs:11784:19)
	    at NodeInjectorFactory.factory (ng:///TestDetailsComponent/Éµfac.js:5:7)
	    at getNodeInjectable (node_modules/@angular/core/fesm2022/core.mjs:4758:44)
	    at createRootComponent (node_modules/@angular/core/fesm2022/core.mjs:14256:35)
Chrome Headless 118.0.5993.88 (Mac OS 10.15.7): Executed 40 of 48[31m (22 FAILED)[39m (0 secs / 0.404 secs)
[1A[2K[31mChrome Headless 118.0.5993.88 (Mac OS 10.15.7) ProjecteWebComponent should create FAILED[39m
	Failed: R3InjectorError(DynamicTestModule)[TranslateService -> TranslateService]: 
	  NullInjectorError: No provider for TranslateService!
	error properties: Object({ ngTempTokenPath: null, ngTokenPath: [ 'TranslateService', 'TranslateService' ] })
	    at NullInjector.get (node_modules/@angular/core/fesm2022/core.mjs:8873:27)
	    at R3Injector.get (node_modules/@angular/core/fesm2022/core.mjs:9312:33)
	    at R3Injector.get (node_modules/@angular/core/fesm2022/core.mjs:9312:33)
	    at ChainedInjector.get (node_modules/@angular/core/fesm2022/core.mjs:14001:36)
	    at lookupTokenUsingModuleInjector (node_modules/@angular/core/fesm2022/core.mjs:4504:39)
	    at getOrCreateInjectable (node_modules/@angular/core/fesm2022/core.mjs:4552:12)
	    at ÉµÉµdirectiveInject (node_modules/@angular/core/fesm2022/core.mjs:11784:19)
	    at NodeInjectorFactory.factory (ng:///ProjecteWebComponent/Éµfac.js:5:7)
	    at getNodeInjectable (node_modules/@angular/core/fesm2022/core.mjs:4758:44)
	    at createRootComponent (node_modules/@angular/core/fesm2022/core.mjs:14256:35)
Chrome Headless 118.0.5993.88 (Mac OS 10.15.7): Executed 41 of 48[31m (23 FAILED)[39m (0 secs / 0.408 secs)
[1A[2K[31mChrome Headless 118.0.5993.88 (Mac OS 10.15.7) TestComponent should create FAILED[39m
	Failed: R3InjectorError(DynamicTestModule)[TranslateService -> TranslateService]: 
	  NullInjectorError: No provider for TranslateService!
	error properties: Object({ ngTempTokenPath: null, ngTokenPath: [ 'TranslateService', 'TranslateService' ] })
	    at NullInjector.get (node_modules/@angular/core/fesm2022/core.mjs:8873:27)
	    at R3Injector.get (node_modules/@angular/core/fesm2022/core.mjs:9312:33)
	    at R3Injector.get (node_modules/@angular/core/fesm2022/core.mjs:9312:33)
	    at ChainedInjector.get (node_modules/@angular/core/fesm2022/core.mjs:14001:36)
	    at lookupTokenUsingModuleInjector (node_modules/@angular/core/fesm2022/core.mjs:4504:39)
	    at getOrCreateInjectable (node_modules/@angular/core/fesm2022/core.mjs:4552:12)
	    at ÉµÉµdirectiveInject (node_modules/@angular/core/fesm2022/core.mjs:11784:19)
	    at NodeInjectorFactory.factory (ng:///TestComponent/Éµfac.js:5:45)
	    at getNodeInjectable (node_modules/@angular/core/fesm2022/core.mjs:4758:44)
	    at createRootComponent (node_modules/@angular/core/fesm2022/core.mjs:14256:35)
Chrome Headless 118.0.5993.88 (Mac OS 10.15.7): Executed 42 of 48[31m (24 FAILED)[39m (0 secs / 0.411 secs)
[1A[2K[31mChrome Headless 118.0.5993.88 (Mac OS 10.15.7) ApplicantsWebComponent should create FAILED[39m
	Failed: R3InjectorError(DynamicTestModule)[TranslateService -> TranslateService]: 
	  NullInjectorError: No provider for TranslateService!
	error properties: Object({ ngTempTokenPath: null, ngTokenPath: [ 'TranslateService', 'TranslateService' ] })
	    at NullInjector.get (node_modules/@angular/core/fesm2022/core.mjs:8873:27)
	    at R3Injector.get (node_modules/@angular/core/fesm2022/core.mjs:9312:33)
	    at R3Injector.get (node_modules/@angular/core/fesm2022/core.mjs:9312:33)
	    at ChainedInjector.get (node_modules/@angular/core/fesm2022/core.mjs:14001:36)
	    at lookupTokenUsingModuleInjector (node_modules/@angular/core/fesm2022/core.mjs:4504:39)
	    at getOrCreateInjectable (node_modules/@angular/core/fesm2022/core.mjs:4552:12)
	    at ÉµÉµdirectiveInject (node_modules/@angular/core/fesm2022/core.mjs:11784:19)
	    at NodeInjectorFactory.factory (ng:///ApplicantsWebComponent/Éµfac.js:5:45)
	    at getNodeInjectable (node_modules/@angular/core/fesm2022/core.mjs:4758:44)
	    at createRootComponent (node_modules/@angular/core/fesm2022/core.mjs:14256:35)
Chrome Headless 118.0.5993.88 (Mac OS 10.15.7): Executed 43 of 48[31m (25 FAILED)[39m (0 secs / 0.415 secs)
[1A[2K[31mChrome Headless 118.0.5993.88 (Mac OS 10.15.7) AccesibilityComponent should create FAILED[39m
	Failed: R3InjectorError(DynamicTestModule)[TranslateService -> TranslateService]: 
	  NullInjectorError: No provider for TranslateService!
	error properties: Object({ ngTempTokenPath: null, ngTokenPath: [ 'TranslateService', 'TranslateService' ] })
	    at NullInjector.get (node_modules/@angular/core/fesm2022/core.mjs:8873:27)
	    at R3Injector.get (node_modules/@angular/core/fesm2022/core.mjs:9312:33)
	    at R3Injector.get (node_modules/@angular/core/fesm2022/core.mjs:9312:33)
	    at ChainedInjector.get (node_modules/@angular/core/fesm2022/core.mjs:14001:36)
	    at lookupTokenUsingModuleInjector (node_modules/@angular/core/fesm2022/core.mjs:4504:39)
	    at getOrCreateInjectable (node_modules/@angular/core/fesm2022/core.mjs:4552:12)
	    at ÉµÉµdirectiveInject (node_modules/@angular/core/fesm2022/core.mjs:11784:19)
	    at NodeInjectorFactory.factory (ng:///AccesibilityComponent/Éµfac.js:5:7)
	    at getNodeInjectable (node_modules/@angular/core/fesm2022/core.mjs:4758:44)
	    at createRootComponent (node_modules/@angular/core/fesm2022/core.mjs:14256:35)
Chrome Headless 118.0.5993.88 (Mac OS 10.15.7): Executed 44 of 48[31m (26 FAILED)[39m (0 secs / 0.419 secs)
[1A[2K[31mChrome Headless 118.0.5993.88 (Mac OS 10.15.7) ProyectComponent should create FAILED[39m
	Failed: R3InjectorError(DynamicTestModule)[TranslateService -> TranslateService]: 
	  NullInjectorError: No provider for TranslateService!
	error properties: Object({ ngTempTokenPath: null, ngTokenPath: [ 'TranslateService', 'TranslateService' ] })
	    at NullInjector.get (node_modules/@angular/core/fesm2022/core.mjs:8873:27)
	    at R3Injector.get (node_modules/@angular/core/fesm2022/core.mjs:9312:33)
	    at R3Injector.get (node_modules/@angular/core/fesm2022/core.mjs:9312:33)
	    at ChainedInjector.get (node_modules/@angular/core/fesm2022/core.mjs:14001:36)
	    at lookupTokenUsingModuleInjector (node_modules/@angular/core/fesm2022/core.mjs:4504:39)
	    at getOrCreateInjectable (node_modules/@angular/core/fesm2022/core.mjs:4552:12)
	    at ÉµÉµdirectiveInject (node_modules/@angular/core/fesm2022/core.mjs:11784:19)
	    at NodeInjectorFactory.factory (ng:///ProyectComponent/Éµfac.js:5:7)
	    at getNodeInjectable (node_modules/@angular/core/fesm2022/core.mjs:4758:44)
	    at createRootComponent (node_modules/@angular/core/fesm2022/core.mjs:14256:35)
Chrome Headless 118.0.5993.88 (Mac OS 10.15.7): Executed 45 of 48[31m (27 FAILED)[39m (0 secs / 0.424 secs)
[1A[2KChrome Headless 118.0.5993.88 (Mac OS 10.15.7): Executed 46 of 48[31m (27 FAILED)[39m (0 secs / 0.458 secs)
[1A[2K[31mChrome Headless 118.0.5993.88 (Mac OS 10.15.7) AccountComponent should create FAILED[39m
	Failed: R3InjectorError(DynamicTestModule)[TranslateService -> TranslateService]: 
	  NullInjectorError: No provider for TranslateService!
	error properties: Object({ ngTempTokenPath: null, ngTokenPath: [ 'TranslateService', 'TranslateService' ] })
	    at NullInjector.get (node_modules/@angular/core/fesm2022/core.mjs:8873:27)
	    at R3Injector.get (node_modules/@angular/core/fesm2022/core.mjs:9312:33)
	    at R3Injector.get (node_modules/@angular/core/fesm2022/core.mjs:9312:33)
	    at ChainedInjector.get (node_modules/@angular/core/fesm2022/core.mjs:14001:36)
	    at lookupTokenUsingModuleInjector (node_modules/@angular/core/fesm2022/core.mjs:4504:39)
	    at getOrCreateInjectable (node_modules/@angular/core/fesm2022/core.mjs:4552:12)
	    at ÉµÉµdirectiveInject (node_modules/@angular/core/fesm2022/core.mjs:11784:19)
	    at NodeInjectorFactory.factory (ng:///AccountComponent/Éµfac.js:4:44)
	    at getNodeInjectable (node_modules/@angular/core/fesm2022/core.mjs:4758:44)
	    at createRootComponent (node_modules/@angular/core/fesm2022/core.mjs:14256:35)
Chrome Headless 118.0.5993.88 (Mac OS 10.15.7): Executed 47 of 48[31m (28 FAILED)[39m (0 secs / 0.463 secs)
[1A[2KChrome Headless 118.0.5993.88 (Mac OS 10.15.7): Executed 48 of 48[31m (28 FAILED)[39m (0 secs / 0.496 secs)
[1A[2KChrome Headless 118.0.5993.88 (Mac OS 10.15.7): Executed 48 of 48[31m (28 FAILED)[39m (0.526 secs / 0.496 secs)
[31mTOTAL: 28 FAILED, 20 SUCCESS[39m

=============================== Coverage summary ===============================
Statements   : 21.26% ( 114/536 )
Branches     : 6.13% ( 13/212 )
Functions    : 18.51% ( 35/189 )
Lines        : 21.26% ( 114/536 )
================================================================================
